Build started 22/06/2015 12:45:46.
     1>Project "D:\MestradoUFES\projetoMestrado\principalComponentAnalysys\principalComponentAnalysys\principalComponentAnalysys.vcxproj" on node 2 (build target(s)).
     1>InitializeBuildStatus:
         Touching "x64\Debug\principalComponentAnalysys.unsuccessfulbuild".
       ClCompile:
         All outputs are up-to-date.
         C:\Program Files (x86)\Microsoft Visual Studio 10.0\VC\bin\x86_amd64\CL.exe /c /IC:\eigen325 /Zi /nologo /W3 /WX- /Od /D _MBCS /Gm /EHsc /RTC1 /MDd /GS /fp:precise /Zc:wchar_t /Zc:forScope /Fo"x64\Debug\\" /Fd"x64\Debug\vc100.pdb" /Gd /TP /errorReport:prompt PCA.cpp
         Skipping... (no relevant changes detected)
         PCA.cpp
       Link:
         C:\Program Files (x86)\Microsoft Visual Studio 10.0\VC\bin\x86_amd64\link.exe /ERRORREPORT:PROMPT /OUT:"D:\MestradoUFES\projetoMestrado\principalComponentAnalysys\x64\Debug\principalComponentAnalysys.exe" /NOLOGO kernel32.lib user32.lib gdi32.lib winspool.lib comdlg32.lib advapi32.lib shell32.lib ole32.lib oleaut32.lib uuid.lib odbc32.lib odbccp32.lib /MANIFEST /ManifestFile:"x64\Debug\principalComponentAnalysys.exe.intermediate.manifest" /MANIFESTUAC:"level='asInvoker' uiAccess='false'" /DEBUG /PDB:"D:\MestradoUFES\projetoMestrado\principalComponentAnalysys\x64\Debug\principalComponentAnalysys.pdb" /TLBID:1 /DYNAMICBASE /NXCOMPAT /IMPLIB:"D:\MestradoUFES\projetoMestrado\principalComponentAnalysys\x64\Debug\principalComponentAnalysys.lib" /MACHINE:X64 x64\Debug\PCA.obj
     1>PCA.obj : error LNK2019: unresolved external symbol "class boost::filesystem::file_status __cdecl boost::filesystem::detail::status(class boost::filesystem::path const &,class boost::system::error_code *)" (?status@detail@filesystem@boost@@YA?AVfile_status@23@AEBVpath@23@PEAVerror_code@system@3@@Z) referenced in function "bool __cdecl boost::filesystem::is_regular_file(class boost::filesystem::path const &)" (?is_regular_file@filesystem@boost@@YA_NAEBVpath@12@@Z)
     1>PCA.obj : error LNK2019: unresolved external symbol "void __cdecl boost::filesystem::detail::directory_iterator_construct(class boost::filesystem::directory_iterator &,class boost::filesystem::path const &,class boost::system::error_code *)" (?directory_iterator_construct@detail@filesystem@boost@@YAXAEAVdirectory_iterator@23@AEBVpath@23@PEAVerror_code@system@3@@Z) referenced in function "public: __cdecl boost::filesystem::directory_iterator::directory_iterator(class boost::filesystem::path const &)" (??0directory_iterator@filesystem@boost@@QEAA@AEBVpath@12@@Z)
     1>PCA.obj : error LNK2019: unresolved external symbol "void __cdecl boost::filesystem::path_traits::dispatch(class boost::filesystem::directory_entry const &,class std::basic_string<wchar_t,struct std::char_traits<wchar_t>,class std::allocator<wchar_t> > &)" (?dispatch@path_traits@filesystem@boost@@YAXAEBVdirectory_entry@23@AEAV?$basic_string@_WU?$char_traits@_W@std@@V?$allocator@_W@2@@std@@@Z) referenced in function "public: __cdecl boost::filesystem::path::path<class boost::filesystem::directory_entry>(class boost::filesystem::directory_entry const &,void *)" (??$?0Vdirectory_entry@filesystem@boost@@@path@filesystem@boost@@QEAA@AEBVdirectory_entry@12@PEAX@Z)
     1>PCA.obj : error LNK2019: unresolved external symbol "void __cdecl boost::filesystem::detail::directory_iterator_increment(class boost::filesystem::directory_iterator &,class boost::system::error_code *)" (?directory_iterator_increment@detail@filesystem@boost@@YAXAEAVdirectory_iterator@23@PEAVerror_code@system@3@@Z) referenced in function "private: void __cdecl boost::filesystem::directory_iterator::increment(void)" (?increment@directory_iterator@filesystem@boost@@AEAAXXZ)
     1>PCA.obj : error LNK2019: unresolved external symbol "void __cdecl boost::filesystem::path_traits::convert(char const *,char const *,class std::basic_string<wchar_t,struct std::char_traits<wchar_t>,class std::allocator<wchar_t> > &,class std::codecvt<wchar_t,char,int> const &)" (?convert@path_traits@filesystem@boost@@YAXPEBD0AEAV?$basic_string@_WU?$char_traits@_W@std@@V?$allocator@_W@2@@std@@AEBV?$codecvt@_WDH@5@@Z) referenced in function "void __cdecl boost::filesystem::path_traits::convert(char const *,char const *,class std::basic_string<wchar_t,struct std::char_traits<wchar_t>,class std::allocator<wchar_t> > &)" (?convert@path_traits@filesystem@boost@@YAXPEBD0AEAV?$basic_string@_WU?$char_traits@_W@std@@V?$allocator@_W@2@@std@@@Z)
     1>PCA.obj : error LNK2019: unresolved external symbol "public: static class std::codecvt<wchar_t,char,int> const & __cdecl boost::filesystem::path::codecvt(void)" (?codecvt@path@filesystem@boost@@SAAEBV?$codecvt@_WDH@std@@XZ) referenced in function "void __cdecl boost::filesystem::path_traits::convert(char const *,char const *,class std::basic_string<wchar_t,struct std::char_traits<wchar_t>,class std::allocator<wchar_t> > &)" (?convert@path_traits@filesystem@boost@@YAXPEBD0AEAV?$basic_string@_WU?$char_traits@_W@std@@V?$allocator@_W@2@@std@@@Z)
     1>PCA.obj : error LNK2019: unresolved external symbol "class boost::system::error_code __cdecl boost::filesystem::detail::dir_itr_close(void * &)" (?dir_itr_close@detail@filesystem@boost@@YA?AVerror_code@system@3@AEAPEAX@Z) referenced in function "public: __cdecl boost::filesystem::detail::dir_itr_imp::~dir_itr_imp(void)" (??1dir_itr_imp@detail@filesystem@boost@@QEAA@XZ)
     1>PCA.obj : error LNK2019: unresolved external symbol "class boost::system::error_category const & __cdecl boost::system::generic_category(void)" (?generic_category@system@boost@@YAAEBVerror_category@12@XZ) referenced in function "void __cdecl boost::system::`dynamic initializer for 'posix_category''(void)" (??__Eposix_category@system@boost@@YAXXZ)
     1>PCA.obj : error LNK2019: unresolved external symbol "class boost::system::error_category const & __cdecl boost::system::system_category(void)" (?system_category@system@boost@@YAAEBVerror_category@12@XZ) referenced in function "void __cdecl boost::system::`dynamic initializer for 'native_ecat''(void)" (??__Enative_ecat@system@boost@@YAXXZ)
     1>D:\MestradoUFES\projetoMestrado\principalComponentAnalysys\x64\Debug\principalComponentAnalysys.exe : fatal error LNK1120: 9 unresolved externals
     1>Done Building Project "D:\MestradoUFES\projetoMestrado\principalComponentAnalysys\principalComponentAnalysys\principalComponentAnalysys.vcxproj" (build target(s)) -- FAILED.

Build FAILED.

Time Elapsed 00:00:03.78
